<?xml version="1.0" encoding="UTF-8"?>
<testng-results ignored="0" total="2" passed="2" failed="0" skipped="0">
  <reporter-output>
  </reporter-output>
  <suite started-at="2023-02-18T19:12:07 IST" name="Default suite" finished-at="2023-02-18T19:15:01 IST" duration-ms="173608">
    <groups>
    </groups>
    <test started-at="2023-02-18T19:12:07 IST" name="Default test" finished-at="2023-02-18T19:15:01 IST" duration-ms="173608">
      <class name="com.orderocks.tests.OrderDetails">
        <test-method is-config="true" signature="initialze()[pri:0, instance:com.orderocks.tests.OrderDetails@4602c2a9]" started-at="2023-02-18T19:12:07 IST" name="initialze" finished-at="2023-02-18T19:13:25 IST" duration-ms="78005" status="PASS">
          <reporter-output>
          </reporter-output>
        </test-method> <!-- initialze -->
        <test-method signature="verifyOderDetails()[pri:0, instance:com.orderocks.tests.OrderDetails@4602c2a9]" started-at="2023-02-18T19:13:25 IST" name="verifyOderDetails" description="Order Details" finished-at="2023-02-18T19:13:25 IST" duration-ms="4" status="PASS">
          <reporter-output>
          </reporter-output>
        </test-method> <!-- verifyOderDetails -->
        <test-method signature="verifyOrderDetails()[pri:0, instance:com.orderocks.tests.OrderDetails@4602c2a9]" started-at="2023-02-18T19:13:25 IST" name="verifyOrderDetails" description="Order Details" finished-at="2023-02-18T19:15:00 IST" duration-ms="95223" status="PASS">
          <reporter-output>
          </reporter-output>
        </test-method> <!-- verifyOrderDetails -->
        <test-method is-config="true" signature="tearDown()[pri:0, instance:com.orderocks.tests.OrderDetails@4602c2a9]" started-at="2023-02-18T19:15:00 IST" name="tearDown" finished-at="2023-02-18T19:15:01 IST" duration-ms="344" status="PASS">
          <reporter-output>
          </reporter-output>
        </test-method> <!-- tearDown -->
      </class> <!-- com.orderocks.tests.OrderDetails -->
    </test> <!-- Default test -->
  </suite> <!-- Default suite -->
</testng-results>
