<?xml version="1.0" encoding="UTF-8"?>
<!-- Generated by org.testng.reporters.JUnitXMLReporter -->
<testsuite ignored="0" hostname="Dhaval" failures="1" tests="1" name="Login Test" time="44.577" errors="0" timestamp="2023-02-13T22:14:10 IST">
  <testcase classname="com.orderocks.tests.LoginTest" name="verifyLogin" time="0.57">
    <failure type="java.lang.AssertionError" message="expected [Let&amp;apos;s get you started...] but found [Let&amp;apos;s get you started]">
      <![CDATA[java.lang.AssertionError: expected [Let's get you started...] but found [Let's get you started]
at com.orderocks.tests.LoginTest.verifyLogin(LoginTest.java:27)
at java.base/java.util.ArrayList.forEach(ArrayList.java:1511)
... Removed 33 stack frames]]>
    </failure>
  </testcase> <!-- verifyLogin -->
</testsuite> <!-- Login Test -->
